[31-May-2024 01:06:29 UTC] PHP Fatal error:  Uncaught Error: Call to undefined function get_template_directory_url() in /home/xs465347/bond-product.co.jp/public_html/wp-content/themes/bond-product/header.php:16
Stack trace:
#0 /home/xs465347/bond-product.co.jp/public_html/wp-includes/template.php(810): require_once()
#1 /home/xs465347/bond-product.co.jp/public_html/wp-includes/template.php(745): load_template('/home/xs465347/...', true, Array)
#2 /home/xs465347/bond-product.co.jp/public_html/wp-includes/general-template.php(48): locate_template(Array, true, true, Array)
#3 /home/xs465347/bond-product.co.jp/public_html/wp-content/themes/bond-product/front-page.php(1): get_header()
#4 /home/xs465347/bond-product.co.jp/public_html/wp-includes/template-loader.php(106): include('/home/xs465347/...')
#5 /home/xs465347/bond-product.co.jp/public_html/wp-blog-header.php(19): require_once('/home/xs465347/...')
#6 /home/xs465347/bond-product.co.jp/public_html/index.php(17): require('/home/xs465347/...')
#7 {main}
  thrown in /home/xs465347/bond-product.co.jp/public_html/wp-content/themes/bond-product/header.php on line 16
[31-May-2024 01:06:36 UTC] PHP Fatal error:  Uncaught Error: Call to undefined function get_template_directory_url() in /home/xs465347/bond-product.co.jp/public_html/wp-content/themes/bond-product/header.php:16
Stack trace:
#0 /home/xs465347/bond-product.co.jp/public_html/wp-includes/template.php(810): require_once()
#1 /home/xs465347/bond-product.co.jp/public_html/wp-includes/template.php(745): load_template('/home/xs465347/...', true, Array)
#2 /home/xs465347/bond-product.co.jp/public_html/wp-includes/general-template.php(48): locate_template(Array, true, true, Array)
#3 /home/xs465347/bond-product.co.jp/public_html/wp-content/themes/bond-product/front-page.php(1): get_header()
#4 /home/xs465347/bond-product.co.jp/public_html/wp-includes/template-loader.php(106): include('/home/xs465347/...')
#5 /home/xs465347/bond-product.co.jp/public_html/wp-blog-header.php(19): require_once('/home/xs465347/...')
#6 /home/xs465347/bond-product.co.jp/public_html/index.php(17): require('/home/xs465347/...')
#7 {main}
  thrown in /home/xs465347/bond-product.co.jp/public_html/wp-content/themes/bond-product/header.php on line 16
[31-May-2024 01:07:02 UTC] PHP Fatal error:  Uncaught Error: Call to undefined function get_template_directory_url() in /home/xs465347/bond-product.co.jp/public_html/wp-content/themes/bond-product/header.php:16
Stack trace:
#0 /home/xs465347/bond-product.co.jp/public_html/wp-includes/template.php(810): require_once()
#1 /home/xs465347/bond-product.co.jp/public_html/wp-includes/template.php(745): load_template('/home/xs465347/...', true, Array)
#2 /home/xs465347/bond-product.co.jp/public_html/wp-includes/general-template.php(48): locate_template(Array, true, true, Array)
#3 /home/xs465347/bond-product.co.jp/public_html/wp-content/themes/bond-product/front-page.php(1): get_header()
#4 /home/xs465347/bond-product.co.jp/public_html/wp-includes/template-loader.php(106): include('/home/xs465347/...')
#5 /home/xs465347/bond-product.co.jp/public_html/wp-blog-header.php(19): require_once('/home/xs465347/...')
#6 /home/xs465347/bond-product.co.jp/public_html/index.php(17): require('/home/xs465347/...')
#7 {main}
  thrown in /home/xs465347/bond-product.co.jp/public_html/wp-content/themes/bond-product/header.php on line 16
[31-May-2024 01:10:10 UTC] PHP Fatal error:  Uncaught Error: Call to undefined function get_template_directory_url() in /home/xs465347/bond-product.co.jp/public_html/wp-content/themes/bond-product/header.php:16
Stack trace:
#0 /home/xs465347/bond-product.co.jp/public_html/wp-includes/template.php(810): require_once()
#1 /home/xs465347/bond-product.co.jp/public_html/wp-includes/template.php(745): load_template('/home/xs465347/...', true, Array)
#2 /home/xs465347/bond-product.co.jp/public_html/wp-includes/general-template.php(48): locate_template(Array, true, true, Array)
#3 /home/xs465347/bond-product.co.jp/public_html/wp-content/themes/bond-product/front-page.php(1): get_header()
#4 /home/xs465347/bond-product.co.jp/public_html/wp-includes/template-loader.php(106): include('/home/xs465347/...')
#5 /home/xs465347/bond-product.co.jp/public_html/wp-blog-header.php(19): require_once('/home/xs465347/...')
#6 /home/xs465347/bond-product.co.jp/public_html/index.php(17): require('/home/xs465347/...')
#7 {main}
  thrown in /home/xs465347/bond-product.co.jp/public_html/wp-content/themes/bond-product/header.php on line 16
[31-May-2024 01:13:21 UTC] PHP Fatal error:  Uncaught Error: Call to undefined function get_template_directory_url() in /home/xs465347/bond-product.co.jp/public_html/wp-content/themes/bond-product/header.php:16
Stack trace:
#0 /home/xs465347/bond-product.co.jp/public_html/wp-includes/template.php(810): require_once()
#1 /home/xs465347/bond-product.co.jp/public_html/wp-includes/template.php(745): load_template('/home/xs465347/...', true, Array)
#2 /home/xs465347/bond-product.co.jp/public_html/wp-includes/general-template.php(48): locate_template(Array, true, true, Array)
#3 /home/xs465347/bond-product.co.jp/public_html/wp-content/themes/bond-product/front-page.php(1): get_header()
#4 /home/xs465347/bond-product.co.jp/public_html/wp-includes/template-loader.php(106): include('/home/xs465347/...')
#5 /home/xs465347/bond-product.co.jp/public_html/wp-blog-header.php(19): require_once('/home/xs465347/...')
#6 /home/xs465347/bond-product.co.jp/public_html/index.php(17): require('/home/xs465347/...')
#7 {main}
  thrown in /home/xs465347/bond-product.co.jp/public_html/wp-content/themes/bond-product/header.php on line 16
[31-May-2024 01:18:05 UTC] PHP Warning:  Attempt to read property "title" on null in /home/xs465347/bond-product.co.jp/public_html/wp-includes/class-wp-customize-widgets.php on line 905
[31-May-2024 01:18:06 UTC] PHP Fatal error:  Uncaught Error: Call to undefined function get_template_directory_url() in /home/xs465347/bond-product.co.jp/public_html/wp-content/themes/bond-product/header.php:16
Stack trace:
#0 /home/xs465347/bond-product.co.jp/public_html/wp-includes/template.php(810): require_once()
#1 /home/xs465347/bond-product.co.jp/public_html/wp-includes/template.php(745): load_template('/home/xs465347/...', true, Array)
#2 /home/xs465347/bond-product.co.jp/public_html/wp-includes/general-template.php(48): locate_template(Array, true, true, Array)
#3 /home/xs465347/bond-product.co.jp/public_html/wp-content/themes/bond-product/front-page.php(1): get_header()
#4 /home/xs465347/bond-product.co.jp/public_html/wp-includes/template-loader.php(106): include('/home/xs465347/...')
#5 /home/xs465347/bond-product.co.jp/public_html/wp-blog-header.php(19): require_once('/home/xs465347/...')
#6 /home/xs465347/bond-product.co.jp/public_html/index.php(17): require('/home/xs465347/...')
#7 {main}
  thrown in /home/xs465347/bond-product.co.jp/public_html/wp-content/themes/bond-product/header.php on line 16
